2025-05-17 13:16:36,392 - INFO - Loading data...
2025-05-17 13:16:36,647 - INFO - Dataset shape: (750000, 9)
2025-05-17 13:16:36,647 - INFO - Dataset columns: ['id', 'Sex', 'Age', 'Height', 'Weight', 'Duration', 'Heart_Rate', 'Body_Temp', 'Calories']
2025-05-17 13:16:36,647 - INFO - Dataset info:
id              int64
Sex            object
Age             int64
Height        float64
Weight        float64
Duration      float64
Heart_Rate    float64
Body_Temp     float64
Calories      float64
dtype: object
2025-05-17 13:16:36,715 - INFO - Training set size: (600000, 7), Test set size: (150000, 7)
2025-05-17 13:16:36,722 - INFO - Performing grid search for optimal alpha parameter...
2025-05-17 13:16:53,962 - INFO - Best alpha value: 0.0001
2025-05-17 13:16:54,000 - INFO - Model performance:
2025-05-17 13:16:54,000 - INFO - Mean Squared Error: 122.30
2025-05-17 13:16:54,000 - INFO - Root Mean Squared Error: 11.06
2025-05-17 13:16:54,000 - INFO - R˛ Score: 0.97
2025-05-17 13:16:54,009 - INFO - Lasso coefficient values (feature importance):
2025-05-17 13:16:54,009 - INFO - Intercept: 89.1399
2025-05-17 13:16:54,009 - INFO - Feature coefficients may not be fully interpretable due to preprocessing transformations
2025-05-17 13:16:54,009 - INFO - Feature 0: -1.6857
2025-05-17 13:16:54,009 - INFO - Feature 1: 8.0790
2025-05-17 13:16:54,009 - INFO - Feature 2: -1.8788
2025-05-17 13:16:54,009 - INFO - Feature 3: 3.7699
2025-05-17 13:16:54,009 - INFO - Feature 4: 56.4812
2025-05-17 13:16:54,009 - INFO - Feature 5: 18.4444
2025-05-17 13:16:54,009 - INFO - Feature 6: -14.1925
2025-05-17 13:17:05,574 - INFO - Number of features used: 7 out of 7
