2025-05-17 11:27:28,007 - INFO - Loading data...
2025-05-17 11:27:28,250 - INFO - Dataset shape: (750000, 9)
2025-05-17 11:27:28,250 - INFO - Dataset columns: ['id', 'Sex', 'Age', 'Height', 'Weight', 'Duration', 'Heart_Rate', 'Body_Temp', 'Calories']
2025-05-17 11:27:28,251 - INFO - Dataset info:
id              int64
Sex            object
Age             int64
Height        float64
Weight        float64
Duration      float64
Heart_Rate    float64
Body_Temp     float64
Calories      float64
dtype: object
2025-05-17 11:27:28,319 - INFO - Training set size: (600000, 7), Test set size: (150000, 7)
2025-05-17 11:27:28,319 - INFO - Using Ridge Regression with alpha=1.0
2025-05-17 11:27:28,319 - INFO - Training Ridge regression model...
2025-05-17 11:27:28,514 - INFO - Model performance:
2025-05-17 11:27:28,514 - INFO - Mean Squared Error: 122.30
2025-05-17 11:27:28,514 - INFO - Root Mean Squared Error: 11.06
2025-05-17 11:27:28,514 - INFO - R˛ Score: 0.97
2025-05-17 11:27:28,525 - INFO - Model coefficients:
2025-05-17 11:27:28,525 - INFO - Intercept: 510.5079
2025-05-17 11:27:28,525 - INFO - Sex_Male: -1.6880
2025-05-17 11:27:28,525 - INFO - Age: 0.5323
2025-05-17 11:27:28,525 - INFO - Height: -0.1467
2025-05-17 11:27:28,525 - INFO - Weight: 0.2699
2025-05-17 11:27:28,525 - INFO - Duration: 6.7590
2025-05-17 11:27:28,525 - INFO - Heart_Rate: 1.9512
2025-05-17 11:27:28,525 - INFO - Body_Temp: -18.1988
